<?xml version="1.0" encoding="UTF-8"?>
<testsuite name="org.hyperledger.fabric.samples.assettransfer.AssetTest" tests="1" skipped="0" failures="0" errors="0" timestamp="2021-11-08T07:13:25" hostname="thisal" time="0.264">
  <properties/>
  <testcase name="toStringIdentifiesAsset()" classname="org.hyperledger.fabric.samples.assettransfer.AssetTest" time="0.264"/>
  <system-out><![CDATA[]]></system-out>
  <system-err><![CDATA[]]></system-err>
</testsuite>
